<?xml version="1.0" encoding="UTF-8"?>
<testsuite name="com.hairpower.back.AiChatApplication" tests="1" skipped="0" failures="0" errors="0" timestamp="2025-02-26T05:02:58" hostname="HyunJeangui-MacBookPro.local" time="0.338">
  <properties/>
  <testcase name="contextLoads()" classname="com.hairpower.back.AiChatApplication" time="0.338"/>
  <system-out><![CDATA[14:02:58.687 [Test worker] INFO org.springframework.test.context.support.AnnotationConfigContextLoaderUtils -- Could not detect default configuration classes for test class [com.hairpower.back.AiChatApplication]: AiChatApplication does not declare any static, non-private, non-final, nested classes annotated with @Configuration.
14:02:58.731 [Test worker] INFO org.springframework.boot.test.context.SpringBootTestContextBootstrapper -- Found @SpringBootConfiguration com.hairpower.back.AiChatApplication for test class com.hairpower.back.AiChatApplication

  .   ____          _            __ _ _
 /\\ / ___'_ __ _ _(_)_ __  __ _ \ \ \ \
( ( )\___ | '_ | '_| | '_ \/ _` | \ \ \ \
 \\/  ___)| |_)| | | | | || (_| |  ) ) ) )
  '  |____| .__|_| |_|_| |_\__, | / / / /
 =========|_|==============|___/=/_/_/_/

 :: Spring Boot ::                (v3.4.1)

2025-02-26T14:02:58.884+09:00  INFO 47123 --- [    Test worker] com.hairpower.back.AiChatApplication     : Starting AiChatApplication using Java 17.0.14 with PID 47123 (started by hyunjeanglee in /Users/hyunjeanglee/Downloads/HairPowerBackServer/Kakao_HairPower/backServer)
2025-02-26T14:02:58.885+09:00  INFO 47123 --- [    Test worker] com.hairpower.back.AiChatApplication     : No active profile set, falling back to 1 default profile: "default"
2025-02-26T14:02:58.939+09:00  INFO 47123 --- [    Test worker] com.hairpower.back.AiChatApplication     : Started AiChatApplication in 0.147 seconds (process running for 0.76)
]]></system-out>
  <system-err><![CDATA[]]></system-err>
</testsuite>
